<?xml version="1.0" encoding="UTF-8"?>
<!-- Generated by org.testng.reporters.JUnitXMLReporter -->
<testsuite hostname="DESKTOP-6D3FG3E" ignored="0" name="Test" tests="9" failures="0" timestamp="2021-04-30T09:06:03 CEST" time="51.178" errors="0">
  <testcase name="launchURL" time="7.236" classname="com.qa.testcases.AboutYouPageTest"/>
  <testcase name="clickFirstProductAndEnterEmail" time="12.012" classname="com.qa.testcases.AboutYouPageTest"/>
  <testcase name="selectBabysClothTypeCategory" time="6.529" classname="com.qa.testcases.AboutYouPageTest"/>
  <testcase name="filterForSize" time="2.866" classname="com.qa.testcases.AboutYouPageTest"/>
  <testcase name="selectProduct" time="3.892" classname="com.qa.testcases.AboutYouPageTest"/>
  <testcase name="selectSizeAndaddProductToCart" time="5.168" classname="com.qa.testcases.AboutYouPageTest"/>
  <testcase name="checkOutProduct" time="6.726" classname="com.qa.testcases.AboutYouPageTest"/>
  <testcase name="cardTypeForPayment" time="0.56" classname="com.qa.testcases.AboutYouPageTest"/>
  <testcase name="cardTypeForPayment" time="2.642" classname="com.qa.testcases.AboutYouPageTest"/>
</testsuite> <!-- Test -->
