<?xml version="1.0" encoding="UTF-8"?>
<!-- Generated by org.testng.reporters.JUnitXMLReporter -->
<testsuite hostname="DESKTOP-6D3FG3E" ignored="0" name="Test" tests="9" failures="0" timestamp="2021-04-29T22:57:59 CEST" time="50.248" errors="0">
  <testcase name="launchURL" time="7.796" classname="com.qa.testcases.AboutYouMainPageTest"/>
  <testcase name="clickFirstProductAndEnterEmail" time="11.73" classname="com.qa.testcases.AboutYouMainPageTest"/>
  <testcase name="selectBabysClothTypeCategory" time="6.895" classname="com.qa.testcases.AboutYouMainPageTest"/>
  <testcase name="filterForSize" time="2.959" classname="com.qa.testcases.AboutYouMainPageTest"/>
  <testcase name="selectProduct" time="4.08" classname="com.qa.testcases.AboutYouMainPageTest"/>
  <testcase name="selectSizeAndaddProductToCart" time="2.292" classname="com.qa.testcases.AboutYouMainPageTest"/>
  <testcase name="checkOutProduct" time="7.932" classname="com.qa.testcases.AboutYouMainPageTest"/>
  <testcase name="cardTypeForPayment" time="0.343" classname="com.qa.testcases.AboutYouMainPageTest"/>
  <testcase name="cardTypeForPayment" time="2.647" classname="com.qa.testcases.AboutYouMainPageTest"/>
</testsuite> <!-- Test -->
