<?xml version="1.0" encoding="UTF-8"?>
<testng-results skipped="0" failed="0" ignored="0" total="9" passed="9">
  <reporter-output>
  </reporter-output>
  <suite name="Suite" duration-ms="66356" started-at="2021-04-29T23:38:18 CEST" finished-at="2021-04-29T23:39:24 CEST">
    <groups>
    </groups>
    <test name="Test" duration-ms="66356" started-at="2021-04-29T23:38:18 CEST" finished-at="2021-04-29T23:39:24 CEST">
      <class name="com.qa.testcases.AboutYouPageTest">
        <test-method status="PASS" signature="basicSetUp()[pri:0, instance:com.qa.testcases.AboutYouPageTest@612679d6]" name="basicSetUp" is-config="true" duration-ms="1296" started-at="2021-04-29T23:38:18 CEST" finished-at="2021-04-29T23:38:19 CEST">
          <reporter-output>
          </reporter-output>
        </test-method> <!-- basicSetUp -->
        <test-method status="PASS" signature="launchURL()[pri:1, instance:com.qa.testcases.AboutYouPageTest@612679d6]" name="launchURL" duration-ms="9162" started-at="2021-04-29T23:38:19 CEST" finished-at="2021-04-29T23:38:28 CEST">
          <reporter-output>
          </reporter-output>
        </test-method> <!-- launchURL -->
        <test-method status="PASS" signature="clickFirstProductAndEnterEmail(java.lang.String, java.lang.String, java.lang.String)[pri:2, instance:com.qa.testcases.AboutYouPageTest@612679d6]" name="clickFirstProductAndEnterEmail" duration-ms="21512" started-at="2021-04-29T23:38:30 CEST" data-provider="passSheet" finished-at="2021-04-29T23:38:51 CEST">
          <params>
            <param index="0">
              <value>
                <![CDATA[Daniele]]>
              </value>
            </param>
            <param index="1">
              <value>
                <![CDATA[test01@gmail.com]]>
              </value>
            </param>
            <param index="2">
              <value>
                <![CDATA[Test@01]]>
              </value>
            </param>
          </params>
          <reporter-output>
          </reporter-output>
        </test-method> <!-- clickFirstProductAndEnterEmail -->
        <test-method status="PASS" signature="selectBabysClothTypeCategory()[pri:3, instance:com.qa.testcases.AboutYouPageTest@612679d6]" name="selectBabysClothTypeCategory" duration-ms="8197" started-at="2021-04-29T23:38:51 CEST" finished-at="2021-04-29T23:38:59 CEST">
          <reporter-output>
          </reporter-output>
        </test-method> <!-- selectBabysClothTypeCategory -->
        <test-method status="PASS" signature="filterForSize(java.lang.String)[pri:4, instance:com.qa.testcases.AboutYouPageTest@612679d6]" name="filterForSize" duration-ms="2964" started-at="2021-04-29T23:38:59 CEST" finished-at="2021-04-29T23:39:02 CEST">
          <params>
            <param index="0">
              <value>
                <![CDATA[44]]>
              </value>
            </param>
          </params>
          <reporter-output>
          </reporter-output>
        </test-method> <!-- filterForSize -->
        <test-method status="PASS" signature="selectProduct(java.lang.String)[pri:5, instance:com.qa.testcases.AboutYouPageTest@612679d6]" name="selectProduct" duration-ms="4031" started-at="2021-04-29T23:39:02 CEST" finished-at="2021-04-29T23:39:06 CEST">
          <params>
            <param index="0">
              <value>
                <![CDATA[6559901]]>
              </value>
            </param>
          </params>
          <reporter-output>
          </reporter-output>
        </test-method> <!-- selectProduct -->
        <test-method status="PASS" signature="selectSizeAndaddProductToCart(java.lang.String)[pri:6, instance:com.qa.testcases.AboutYouPageTest@612679d6]" name="selectSizeAndaddProductToCart" duration-ms="1796" started-at="2021-04-29T23:39:06 CEST" finished-at="2021-04-29T23:39:08 CEST">
          <params>
            <param index="0">
              <value>
                <![CDATA[0-3]]>
              </value>
            </param>
          </params>
          <reporter-output>
          </reporter-output>
        </test-method> <!-- selectSizeAndaddProductToCart -->
        <test-method status="PASS" signature="checkOutProduct()[pri:7, instance:com.qa.testcases.AboutYouPageTest@612679d6]" name="checkOutProduct" duration-ms="7486" started-at="2021-04-29T23:39:08 CEST" finished-at="2021-04-29T23:39:16 CEST">
          <reporter-output>
          </reporter-output>
        </test-method> <!-- checkOutProduct -->
        <test-method status="PASS" signature="cardTypeForPayment(java.lang.String)[pri:8, instance:com.qa.testcases.AboutYouPageTest@612679d6]" name="cardTypeForPayment" duration-ms="459" started-at="2021-04-29T23:39:16 CEST" finished-at="2021-04-29T23:39:16 CEST">
          <params>
            <param index="0">
              <value>
                <![CDATA[computop_creditcard_mastercard]]>
              </value>
            </param>
          </params>
          <reporter-output>
          </reporter-output>
        </test-method> <!-- cardTypeForPayment -->
        <test-method status="PASS" signature="cardTypeForPayment()[pri:9, instance:com.qa.testcases.AboutYouPageTest@612679d6]" name="cardTypeForPayment" duration-ms="2891" started-at="2021-04-29T23:39:16 CEST" finished-at="2021-04-29T23:39:19 CEST">
          <reporter-output>
          </reporter-output>
        </test-method> <!-- cardTypeForPayment -->
        <test-method status="PASS" signature="closeBrowser()[pri:0, instance:com.qa.testcases.AboutYouPageTest@612679d6]" name="closeBrowser" is-config="true" duration-ms="5147" started-at="2021-04-29T23:39:19 CEST" finished-at="2021-04-29T23:39:24 CEST">
          <reporter-output>
          </reporter-output>
        </test-method> <!-- closeBrowser -->
      </class> <!-- com.qa.testcases.AboutYouPageTest -->
    </test> <!-- Test -->
  </suite> <!-- Suite -->
</testng-results>
